<?xml version="1.0" encoding="UTF-8"?>
<!-- Generated by org.testng.reporters.JUnitReportReporter -->
<testsuite hostname="DESKTOP-ID87O21" failures="0" tests="1" name="testCases.TC002_AccountRegistrationTest_Usingalreadyexistingusercredentials" time="6.316" errors="0" timestamp="2025-01-07T18:29:05 IST" skipped="0">
  <testcase classname="testCases.TC002_AccountRegistrationTest_Usingalreadyexistingusercredentials" name="verify_ExistingAccountRegistrationTest" time="6.316"/>
</testsuite> <!-- testCases.TC002_AccountRegistrationTest_Usingalreadyexistingusercredentials -->
