<?xml version="1.0" encoding="UTF-8"?>
<!-- Generated by org.testng.reporters.JUnitReportReporter -->
<testsuite hostname="DESKTOP-ID87O21" failures="0" tests="1" name="testCases.TC003_AccountRegistrationTest_UsingRandomUserData" time="4.194" errors="0" timestamp="2025-01-07T18:29:05 IST" skipped="0">
  <testcase classname="testCases.TC003_AccountRegistrationTest_UsingRandomUserData" name="verify_AccountRegistrationTest" time="4.194"/>
</testsuite> <!-- testCases.TC003_AccountRegistrationTest_UsingRandomUserData -->
