<?xml version="1.0" encoding="UTF-8"?>
<!-- Generated by org.testng.reporters.JUnitReportReporter -->
<testsuite hostname="DESKTOP-ID87O21" failures="0" tests="1" name="testCases.TC004_LoginTest" time="4.566" errors="0" timestamp="2025-01-07T18:29:05 IST" skipped="0">
  <testcase classname="testCases.TC004_LoginTest" name="verifytestlogin_validcredentials" time="4.566"/>
</testsuite> <!-- testCases.TC004_LoginTest -->
